New log file opened at Mon Oct 12 22:35:04 CEST 2015 by 7564@Erwan-HP
Sending msg to client activator-e76662f5-a2fa-4a38-9c1b-2763b09d84fe: DetachedLogEvent(LogMessage(debug,sbt server socket logs are in: C:\Users\Ewran\Documents\GitHub\GDBE\play-java-spring-jinq\.sbtserver\connections\master.log))
Sending msg to client activator-e76662f5-a2fa-4a38-9c1b-2763b09d84fe: DetachedLogEvent(LogMessage(debug,sbt general server logs are in: C:\Users\Ewran\Documents\GitHub\GDBE\play-java-spring-jinq\.sbtserver\master.log))
Sending msg to client activator-e76662f5-a2fa-4a38-9c1b-2763b09d84fe: DetachedLogEvent(LogMessage(debug,sbt client logs are in: C:\Users\Ewran\Documents\GitHub\GDBE\play-java-spring-jinq\.sbtserver\connections\activator-e76662f5-a2fa-4a38-9c1b-2763b09d84fe.log))
Reading next message from client.
Got request: ListenToEvents()
Reading next message from client.
Sending msg to client activator-e76662f5-a2fa-4a38-9c1b-2763b09d84fe: DetachedLogEvent(LogMessage(debug,> --initialize))
Sending msg to client activator-e76662f5-a2fa-4a38-9c1b-2763b09d84fe: (3,ReceivedResponse())
Got request: ListenToBuildChange()
Reading next message from client.
Got request: SendSyntheticBuildChanged()
Reading next message from client.
Got request: KeyLookupRequest(discoveredMainClasses)
Reading next message from client.
Got request: KeyLookupRequest(mainClass)
Reading next message from client.
Sending msg to client activator-e76662f5-a2fa-4a38-9c1b-2763b09d84fe: DetachedLogEvent(LogMessage(debug,> initialize))
Sending msg to client activator-e76662f5-a2fa-4a38-9c1b-2763b09d84fe: DetachedLogEvent(LogMessage(debug,> onFailure load-failed))
Sending msg to client activator-e76662f5-a2fa-4a38-9c1b-2763b09d84fe: DetachedLogEvent(LogMessage(debug,> boot))
Sending msg to client activator-e76662f5-a2fa-4a38-9c1b-2763b09d84fe: DetachedLogEvent(LogMessage(debug,> reload))
Sending msg to client activator-e76662f5-a2fa-4a38-9c1b-2763b09d84fe: DetachedLogEvent(LogMessage(debug,[Loading] Scanning directory C:\Users\Ewran\Documents\GitHub\GDBE\play-java-spring-jinq\project))
Sending msg to client activator-e76662f5-a2fa-4a38-9c1b-2763b09d84fe: DetachedLogEvent(LogMessage(debug,[Loading] Found non-root projects ))
Sending msg to client activator-e76662f5-a2fa-4a38-9c1b-2763b09d84fe: DetachedLogEvent(LogMessage(debug,[Loading] Done in C:\Users\Ewran\Documents\GitHub\GDBE\play-java-spring-jinq\project, returning: ()))
Sending msg to client activator-e76662f5-a2fa-4a38-9c1b-2763b09d84fe: DetachedLogEvent(LogMessage(debug,deducing auto plugins based on known facts Set(Atom(sbt.plugins.CorePlugin)) and clauses Clauses(List(Clause(Atom(sbt.plugins.JvmPlugin),Set(Atom(sbt.plugins.IvyPlugin))), Clause(Atom(sbt.plugins.JUnitXmlReportPlugin),Set(Atom(sbt.plugins.JvmPlugin))), Clause(Atom(sbt.plugins.CorePlugin),Set(Atom(sbt.plugins.IvyPlugin))), Clause(Atom(sbt.plugins.IvyPlugin),Set(Atom(sbt.plugins.JvmPlugin))), Clause(Atom(sbt.plugins.JvmPlugin),Set(Atom(sbt.plugins.JUnitXmlReportPlugin)))))))
Sending msg to client activator-e76662f5-a2fa-4a38-9c1b-2763b09d84fe: DetachedLogEvent(LogMessage(debug,  :: deduced result: Matched(sbt.plugins.CorePlugin,sbt.plugins.IvyPlugin,sbt.plugins.JvmPlugin,sbt.plugins.JUnitXmlReportPlugin)))
Sending msg to client activator-e76662f5-a2fa-4a38-9c1b-2763b09d84fe: DetachedLogEvent(LogMessage(debug,sorting: ns: List(sbt.plugins.CorePlugin, sbt.plugins.IvyPlugin, sbt.plugins.JvmPlugin, sbt.plugins.JUnitXmlReportPlugin)))
Sending msg to client activator-e76662f5-a2fa-4a38-9c1b-2763b09d84fe: DetachedLogEvent(LogMessage(debug,  :: sorting:: found: List(sbt.plugins.CorePlugin) not found List(sbt.plugins.IvyPlugin, sbt.plugins.JvmPlugin, sbt.plugins.JUnitXmlReportPlugin)))
Sending msg to client activator-e76662f5-a2fa-4a38-9c1b-2763b09d84fe: DetachedLogEvent(LogMessage(debug,  :: sorting:: found: List(sbt.plugins.CorePlugin, sbt.plugins.IvyPlugin) not found List(sbt.plugins.JvmPlugin, sbt.plugins.JUnitXmlReportPlugin)))
Sending msg to client activator-e76662f5-a2fa-4a38-9c1b-2763b09d84fe: DetachedLogEvent(LogMessage(debug,  :: sorting:: found: List(sbt.plugins.CorePlugin, sbt.plugins.IvyPlugin, sbt.plugins.JvmPlugin) not found List(sbt.plugins.JUnitXmlReportPlugin)))
Sending msg to client activator-e76662f5-a2fa-4a38-9c1b-2763b09d84fe: DetachedLogEvent(LogMessage(debug,  :: sorting:: found: List(sbt.plugins.CorePlugin, sbt.plugins.IvyPlugin, sbt.plugins.JvmPlugin, sbt.plugins.JUnitXmlReportPlugin) not found List()))
Sending msg to client activator-e76662f5-a2fa-4a38-9c1b-2763b09d84fe: DetachedLogEvent(LogMessage(debug,  :: sorted deduced result: List(sbt.plugins.CorePlugin, sbt.plugins.IvyPlugin, sbt.plugins.JvmPlugin, sbt.plugins.JUnitXmlReportPlugin)))
Sending msg to client activator-e76662f5-a2fa-4a38-9c1b-2763b09d84fe: DetachedLogEvent(LogMessage(debug,[Loading] Done in C:\Users\Ewran\Documents\GitHub\GDBE\play-java-spring-jinq\project, returning: (play-java-spring-jinq-build)))
Sending msg to client activator-e76662f5-a2fa-4a38-9c1b-2763b09d84fe: DetachedLogEvent(LogMessage(info,Loading project definition from C:\Users\Ewran\Documents\GitHub\GDBE\play-java-spring-jinq\project))
Sending msg to client activator-e76662f5-a2fa-4a38-9c1b-2763b09d84fe: DetachedLogEvent(LogMessage(debug,Running task... Cancel: sbt.TaskCancellationStrategy$Null$@5c43d09b, check cycles: false))
Sending msg to client activator-e76662f5-a2fa-4a38-9c1b-2763b09d84fe: DetachedLogEvent(LogMessage(info,Updating {file:/C:/Users/Ewran/Documents/GitHub/GDBE/play-java-spring-jinq/project/}play-java-spring-jinq-build...))
Sending msg to client activator-e76662f5-a2fa-4a38-9c1b-2763b09d84fe: DetachedLogEvent(LogMessage(debug,Other repositories:))
Sending msg to client activator-e76662f5-a2fa-4a38-9c1b-2763b09d84fe: DetachedLogEvent(LogMessage(debug,Default repositories:))
Sending msg to client activator-e76662f5-a2fa-4a38-9c1b-2763b09d84fe: DetachedLogEvent(LogMessage(debug,Using inline dependencies specified in Scala.))
Sending msg to client activator-e76662f5-a2fa-4a38-9c1b-2763b09d84fe: DetachedLogEvent(LogMessage(debug,:: resolving dependencies :: default#play-java-spring-jinq-build;0.1-SNAPSHOT))
Sending msg to client activator-e76662f5-a2fa-4a38-9c1b-2763b09d84fe: DetachedLogEvent(LogMessage(debug,	confs: [compile, runtime, test, provided, optional, compile-internal, runtime-internal, test-internal, plugin, sources, docs, pom, scala-tool]))
Sending msg to client activator-e76662f5-a2fa-4a38-9c1b-2763b09d84fe: DetachedLogEvent(LogMessage(debug,	validate = true))
Sending msg to client activator-e76662f5-a2fa-4a38-9c1b-2763b09d84fe: DetachedLogEvent(LogMessage(debug,	refresh = false))
Sending msg to client activator-e76662f5-a2fa-4a38-9c1b-2763b09d84fe: DetachedLogEvent(LogMessage(debug,resolving dependencies for configuration 'compile'))
Sending msg to client activator-e76662f5-a2fa-4a38-9c1b-2763b09d84fe: DetachedLogEvent(LogMessage(debug,== resolving dependencies for default#play-java-spring-jinq-build;0.1-SNAPSHOT [compile]))
Sending msg to client activator-e76662f5-a2fa-4a38-9c1b-2763b09d84fe: DetachedLogEvent(LogMessage(debug,== resolving dependencies default#play-java-spring-jinq-build;0.1-SNAPSHOT->com.typesafe.play#sbt-fork-run-plugin;2.3.7 [compile->default(compile)]))
Sending msg to client activator-e76662f5-a2fa-4a38-9c1b-2763b09d84fe: DetachedLogEvent(LogMessage(info,Resolving com.typesafe.play#sbt-fork-run-plugin;2.3.7 ...))
Sending msg to client activator-e76662f5-a2fa-4a38-9c1b-2763b09d84fe: DetachedLogEvent(LogMessage(debug,sbt-chain: Checking cache for: dependency: com.typesafe.play#sbt-fork-run-plugin;2.3.7 {compile=[default(compile)]}))
Sending msg to client activator-e76662f5-a2fa-4a38-9c1b-2763b09d84fe: DetachedLogEvent(LogMessage(info,Resolving com.typesafe.play#sbt-fork-run-plugin;2.3.7 ...))
Sending msg to client activator-e76662f5-a2fa-4a38-9c1b-2763b09d84fe: DetachedLogEvent(LogMessage(debug,sbt-chain-delegate: Checking cache for: dependency: com.typesafe.play#sbt-fork-run-plugin;2.3.7 {compile=[default(compile)]}))
Sending msg to client activator-e76662f5-a2fa-4a38-9c1b-2763b09d84fe: DetachedLogEvent(LogMessage(debug,		tried https://repo.typesafe.com/typesafe/ivy-releases/com.typesafe.play/sbt-fork-run-plugin/scala_2.10/sbt_0.13/2.3.7/ivys/ivy.xml))
Sending msg to client activator-e76662f5-a2fa-4a38-9c1b-2763b09d84fe: DetachedLogEvent(LogMessage(debug,CLIENT ERROR: Not Found url=https://repo.typesafe.com/typesafe/ivy-releases/com.typesafe.play/sbt-fork-run-plugin/scala_2.10/sbt_0.13/2.3.7/ivys/ivy.xml))
Sending msg to client activator-e76662f5-a2fa-4a38-9c1b-2763b09d84fe: DetachedLogEvent(LogMessage(debug,	typesafe-ivy-releases: no ivy file found for com.typesafe.play#sbt-fork-run-plugin;2.3.7))
Sending msg to client activator-e76662f5-a2fa-4a38-9c1b-2763b09d84fe: DetachedLogEvent(LogMessage(debug,		tried https://repo.scala-sbt.org/scalasbt/sbt-plugin-releases/com.typesafe.play/sbt-fork-run-plugin/scala_2.10/sbt_0.13/2.3.7/ivys/ivy.xml))
Sending msg to client activator-e76662f5-a2fa-4a38-9c1b-2763b09d84fe: DetachedLogEvent(LogMessage(debug,CLIENT ERROR: Not Found url=https://repo.scala-sbt.org/scalasbt/sbt-plugin-releases/com.typesafe.play/sbt-fork-run-plugin/scala_2.10/sbt_0.13/2.3.7/ivys/ivy.xml))
Sending msg to client activator-e76662f5-a2fa-4a38-9c1b-2763b09d84fe: DetachedLogEvent(LogMessage(debug,	sbt-plugin-releases: no ivy file found for com.typesafe.play#sbt-fork-run-plugin;2.3.7))
Sending msg to client activator-e76662f5-a2fa-4a38-9c1b-2763b09d84fe: DetachedLogEvent(LogMessage(debug,		tried C:\Users\Ewran\.ivy2\local\com.typesafe.play\sbt-fork-run-plugin\scala_2.10\sbt_0.13\2.3.7\ivys\ivy.xml))
Sending msg to client activator-e76662f5-a2fa-4a38-9c1b-2763b09d84fe: DetachedLogEvent(LogMessage(debug,	local: no ivy file found for com.typesafe.play#sbt-fork-run-plugin;2.3.7))
Sending msg to client activator-e76662f5-a2fa-4a38-9c1b-2763b09d84fe: DetachedLogEvent(LogMessage(debug,		tried https://repo1.maven.org/maven2/com/typesafe/play/sbt-fork-run-plugin_2.10_0.13/2.3.7/sbt-fork-run-plugin-2.3.7.pom))
Sending msg to client activator-e76662f5-a2fa-4a38-9c1b-2763b09d84fe: DetachedLogEvent(LogMessage(debug,CLIENT ERROR: Not Found url=https://repo1.maven.org/maven2/com/typesafe/play/sbt-fork-run-plugin_2.10_0.13/2.3.7/sbt-fork-run-plugin-2.3.7.pom))
Sending msg to client activator-e76662f5-a2fa-4a38-9c1b-2763b09d84fe: DetachedLogEvent(LogMessage(debug,	public: no ivy file found for com.typesafe.play#sbt-fork-run-plugin;2.3.7))
Sending msg to client activator-e76662f5-a2fa-4a38-9c1b-2763b09d84fe: DetachedLogEvent(LogMessage(debug,		tried http://repo.typesafe.com/typesafe/releases/com/typesafe/play/sbt-fork-run-plugin_2.10_0.13/2.3.7/sbt-fork-run-plugin-2.3.7.pom))
Sending msg to client activator-e76662f5-a2fa-4a38-9c1b-2763b09d84fe: DetachedLogEvent(LogMessage(debug,CLIENT ERROR: Not Found url=http://repo.typesafe.com/typesafe/releases/com/typesafe/play/sbt-fork-run-plugin_2.10_0.13/2.3.7/sbt-fork-run-plugin-2.3.7.pom))
Sending msg to client activator-e76662f5-a2fa-4a38-9c1b-2763b09d84fe: DetachedLogEvent(LogMessage(debug,	typesafe-releases: no ivy file found for com.typesafe.play#sbt-fork-run-plugin;2.3.7))
Sending msg to client activator-e76662f5-a2fa-4a38-9c1b-2763b09d84fe: DetachedLogEvent(LogMessage(debug,		tried http://repo.typesafe.com/typesafe/ivy-releases/com.typesafe.play/sbt-fork-run-plugin/scala_2.10/sbt_0.13/2.3.7/ivys/ivy.xml))
Sending msg to client activator-e76662f5-a2fa-4a38-9c1b-2763b09d84fe: DetachedLogEvent(LogMessage(debug,CLIENT ERROR: Not Found url=http://repo.typesafe.com/typesafe/ivy-releases/com.typesafe.play/sbt-fork-run-plugin/scala_2.10/sbt_0.13/2.3.7/ivys/ivy.xml))
Sending msg to client activator-e76662f5-a2fa-4a38-9c1b-2763b09d84fe: DetachedLogEvent(LogMessage(debug,	typesafe-ivy-releasez: no ivy file found for com.typesafe.play#sbt-fork-run-plugin;2.3.7))
Sending msg to client activator-e76662f5-a2fa-4a38-9c1b-2763b09d84fe: DetachedLogEvent(LogMessage(debug,		tried http://repo.typesafe.com/typesafe/releases/com/typesafe/play/sbt-fork-run-plugin_2.10_0.13/2.3.7/sbt-fork-run-plugin-2.3.7.pom))
Sending msg to client activator-e76662f5-a2fa-4a38-9c1b-2763b09d84fe: DetachedLogEvent(LogMessage(debug,CLIENT ERROR: Not Found url=http://repo.typesafe.com/typesafe/releases/com/typesafe/play/sbt-fork-run-plugin_2.10_0.13/2.3.7/sbt-fork-run-plugin-2.3.7.pom))
Sending msg to client activator-e76662f5-a2fa-4a38-9c1b-2763b09d84fe: DetachedLogEvent(LogMessage(debug,	Typesafe repository: no ivy file found for com.typesafe.play#sbt-fork-run-plugin;2.3.7))
Sending msg to client activator-e76662f5-a2fa-4a38-9c1b-2763b09d84fe: DetachedLogEvent(LogStdOut([warn] 	module not found: com.typesafe.play#sbt-fork-run-plugin;2.3.7))
Sending msg to client activator-e76662f5-a2fa-4a38-9c1b-2763b09d84fe: DetachedLogEvent(LogMessage(warn,	module not found: com.typesafe.play#sbt-fork-run-plugin;2.3.7))
Sending msg to client activator-e76662f5-a2fa-4a38-9c1b-2763b09d84fe: DetachedLogEvent(LogStdOut([warn] ==== typesafe-ivy-releases: tried))
Sending msg to client activator-e76662f5-a2fa-4a38-9c1b-2763b09d84fe: DetachedLogEvent(LogMessage(warn,==== typesafe-ivy-releases: tried))
Sending msg to client activator-e76662f5-a2fa-4a38-9c1b-2763b09d84fe: DetachedLogEvent(LogStdOut([warn]   https://repo.typesafe.com/typesafe/ivy-releases/com.typesafe.play/sbt-fork-run-plugin/scala_2.10/sbt_0.13/2.3.7/ivys/ivy.xml))
Sending msg to client activator-e76662f5-a2fa-4a38-9c1b-2763b09d84fe: DetachedLogEvent(LogMessage(warn,  https://repo.typesafe.com/typesafe/ivy-releases/com.typesafe.play/sbt-fork-run-plugin/scala_2.10/sbt_0.13/2.3.7/ivys/ivy.xml))
Sending msg to client activator-e76662f5-a2fa-4a38-9c1b-2763b09d84fe: DetachedLogEvent(LogStdOut([warn] ==== sbt-plugin-releases: tried))
Sending msg to client activator-e76662f5-a2fa-4a38-9c1b-2763b09d84fe: DetachedLogEvent(LogMessage(warn,==== sbt-plugin-releases: tried))
Sending msg to client activator-e76662f5-a2fa-4a38-9c1b-2763b09d84fe: DetachedLogEvent(LogStdOut([warn]   https://repo.scala-sbt.org/scalasbt/sbt-plugin-releases/com.typesafe.play/sbt-fork-run-plugin/scala_2.10/sbt_0.13/2.3.7/ivys/ivy.xml))
Sending msg to client activator-e76662f5-a2fa-4a38-9c1b-2763b09d84fe: DetachedLogEvent(LogMessage(warn,  https://repo.scala-sbt.org/scalasbt/sbt-plugin-releases/com.typesafe.play/sbt-fork-run-plugin/scala_2.10/sbt_0.13/2.3.7/ivys/ivy.xml))
Sending msg to client activator-e76662f5-a2fa-4a38-9c1b-2763b09d84fe: DetachedLogEvent(LogStdOut([warn] ==== local: tried))
Sending msg to client activator-e76662f5-a2fa-4a38-9c1b-2763b09d84fe: DetachedLogEvent(LogMessage(warn,==== local: tried))
Sending msg to client activator-e76662f5-a2fa-4a38-9c1b-2763b09d84fe: DetachedLogEvent(LogStdOut([warn]   C:\Users\Ewran\.ivy2\local\com.typesafe.play\sbt-fork-run-plugin\scala_2.10\sbt_0.13\2.3.7\ivys\ivy.xml))
Sending msg to client activator-e76662f5-a2fa-4a38-9c1b-2763b09d84fe: DetachedLogEvent(LogMessage(warn,  C:\Users\Ewran\.ivy2\local\com.typesafe.play\sbt-fork-run-plugin\scala_2.10\sbt_0.13\2.3.7\ivys\ivy.xml))
Sending msg to client activator-e76662f5-a2fa-4a38-9c1b-2763b09d84fe: DetachedLogEvent(LogStdOut([warn] ==== public: tried))
Sending msg to client activator-e76662f5-a2fa-4a38-9c1b-2763b09d84fe: DetachedLogEvent(LogMessage(warn,==== public: tried))
Sending msg to client activator-e76662f5-a2fa-4a38-9c1b-2763b09d84fe: DetachedLogEvent(LogStdOut([warn]   https://repo1.maven.org/maven2/com/typesafe/play/sbt-fork-run-plugin_2.10_0.13/2.3.7/sbt-fork-run-plugin-2.3.7.pom))
Sending msg to client activator-e76662f5-a2fa-4a38-9c1b-2763b09d84fe: DetachedLogEvent(LogMessage(warn,  https://repo1.maven.org/maven2/com/typesafe/play/sbt-fork-run-plugin_2.10_0.13/2.3.7/sbt-fork-run-plugin-2.3.7.pom))
Sending msg to client activator-e76662f5-a2fa-4a38-9c1b-2763b09d84fe: DetachedLogEvent(LogStdOut([warn] ==== typesafe-releases: tried))
Sending msg to client activator-e76662f5-a2fa-4a38-9c1b-2763b09d84fe: DetachedLogEvent(LogMessage(warn,==== typesafe-releases: tried))
Sending msg to client activator-e76662f5-a2fa-4a38-9c1b-2763b09d84fe: DetachedLogEvent(LogStdOut([warn]   http://repo.typesafe.com/typesafe/releases/com/typesafe/play/sbt-fork-run-plugin_2.10_0.13/2.3.7/sbt-fork-run-plugin-2.3.7.pom))
Sending msg to client activator-e76662f5-a2fa-4a38-9c1b-2763b09d84fe: DetachedLogEvent(LogMessage(warn,  http://repo.typesafe.com/typesafe/releases/com/typesafe/play/sbt-fork-run-plugin_2.10_0.13/2.3.7/sbt-fork-run-plugin-2.3.7.pom))
Sending msg to client activator-e76662f5-a2fa-4a38-9c1b-2763b09d84fe: DetachedLogEvent(LogStdOut([warn] ==== typesafe-ivy-releasez: tried))
Sending msg to client activator-e76662f5-a2fa-4a38-9c1b-2763b09d84fe: DetachedLogEvent(LogMessage(warn,==== typesafe-ivy-releasez: tried))
Sending msg to client activator-e76662f5-a2fa-4a38-9c1b-2763b09d84fe: DetachedLogEvent(LogStdOut([warn]   http://repo.typesafe.com/typesafe/ivy-releases/com.typesafe.play/sbt-fork-run-plugin/scala_2.10/sbt_0.13/2.3.7/ivys/ivy.xml))
Sending msg to client activator-e76662f5-a2fa-4a38-9c1b-2763b09d84fe: DetachedLogEvent(LogMessage(warn,  http://repo.typesafe.com/typesafe/ivy-releases/com.typesafe.play/sbt-fork-run-plugin/scala_2.10/sbt_0.13/2.3.7/ivys/ivy.xml))
Sending msg to client activator-e76662f5-a2fa-4a38-9c1b-2763b09d84fe: DetachedLogEvent(LogStdOut([warn] ==== Typesafe repository: tried))
Sending msg to client activator-e76662f5-a2fa-4a38-9c1b-2763b09d84fe: DetachedLogEvent(LogMessage(warn,==== Typesafe repository: tried))
Sending msg to client activator-e76662f5-a2fa-4a38-9c1b-2763b09d84fe: DetachedLogEvent(LogStdOut([warn]   http://repo.typesafe.com/typesafe/releases/com/typesafe/play/sbt-fork-run-plugin_2.10_0.13/2.3.7/sbt-fork-run-plugin-2.3.7.pom))
Sending msg to client activator-e76662f5-a2fa-4a38-9c1b-2763b09d84fe: DetachedLogEvent(LogMessage(warn,  http://repo.typesafe.com/typesafe/releases/com/typesafe/play/sbt-fork-run-plugin_2.10_0.13/2.3.7/sbt-fork-run-plugin-2.3.7.pom))
Sending msg to client activator-e76662f5-a2fa-4a38-9c1b-2763b09d84fe: DetachedLogEvent(LogMessage(debug,== resolving dependencies default#play-java-spring-jinq-build;0.1-SNAPSHOT->com.typesafe.play#sbt-plugin;2.3.7 [compile->default(compile)]))
Sending msg to client activator-e76662f5-a2fa-4a38-9c1b-2763b09d84fe: DetachedLogEvent(LogMessage(info,Resolving com.typesafe.play#sbt-plugin;2.3.7 ...))
Sending msg to client activator-e76662f5-a2fa-4a38-9c1b-2763b09d84fe: DetachedLogEvent(LogMessage(debug,sbt-chain: Checking cache for: dependency: com.typesafe.play#sbt-plugin;2.3.7 {compile=[default(compile)]}))
Sending msg to client activator-e76662f5-a2fa-4a38-9c1b-2763b09d84fe: DetachedLogEvent(LogMessage(debug,sbt-chain: module revision found in cache: com.typesafe.play#sbt-plugin;2.3.7))
Sending msg to client activator-e76662f5-a2fa-4a38-9c1b-2763b09d84fe: DetachedLogEvent(LogMessage(debug,	found com.typesafe.play#sbt-plugin;2.3.7 in sbt-chain))
Sending msg to client activator-e76662f5-a2fa-4a38-9c1b-2763b09d84fe: DetachedLogEvent(LogMessage(debug,== resolving dependencies com.typesafe.play#sbt-plugin;2.3.7->com.typesafe.play#build-link;2.3.7 [compile->default(compile)]))
Sending msg to client activator-e76662f5-a2fa-4a38-9c1b-2763b09d84fe: DetachedLogEvent(LogMessage(info,Resolving com.typesafe.play#build-link;2.3.7 ...))
Sending msg to client activator-e76662f5-a2fa-4a38-9c1b-2763b09d84fe: DetachedLogEvent(LogMessage(debug,sbt-chain: Checking cache for: dependency: com.typesafe.play#build-link;2.3.7 {compile=[default(compile)]}))
Sending msg to client activator-e76662f5-a2fa-4a38-9c1b-2763b09d84fe: DetachedLogEvent(LogMessage(debug,sbt-chain: module revision found in cache: com.typesafe.play#build-link;2.3.7))
Sending msg to client activator-e76662f5-a2fa-4a38-9c1b-2763b09d84fe: DetachedLogEvent(LogMessage(debug,	found com.typesafe.play#build-link;2.3.7 in sbt-chain))
Sending msg to client activator-e76662f5-a2fa-4a38-9c1b-2763b09d84fe: DetachedLogEvent(LogMessage(debug,== resolving dependencies com.typesafe.play#sbt-plugin;2.3.7->com.typesafe.play#build-link;2.3.7 [compile->runtime]))
Sending msg to client activator-e76662f5-a2fa-4a38-9c1b-2763b09d84fe: DetachedLogEvent(LogMessage(debug,== resolving dependencies com.typesafe.play#sbt-plugin;2.3.7->com.typesafe.play#build-link;2.3.7 [compile->compile]))
Sending msg to client activator-e76662f5-a2fa-4a38-9c1b-2763b09d84fe: DetachedLogEvent(LogMessage(debug,== resolving dependencies com.typesafe.play#build-link;2.3.7->com.typesafe.play#play-exceptions;2.3.7 [compile->master(compile)]))
Sending msg to client activator-e76662f5-a2fa-4a38-9c1b-2763b09d84fe: DetachedLogEvent(LogMessage(info,Resolving com.typesafe.play#play-exceptions;2.3.7 ...))
Sending msg to client activator-e76662f5-a2fa-4a38-9c1b-2763b09d84fe: DetachedLogEvent(LogMessage(debug,sbt-chain: Checking cache for: dependency: com.typesafe.play#play-exceptions;2.3.7 {compile=[compile(*), master(compile)], runtime=[runtime(*)]}))
Sending msg to client activator-e76662f5-a2fa-4a38-9c1b-2763b09d84fe: DetachedLogEvent(LogMessage(debug,sbt-chain: module revision found in cache: com.typesafe.play#play-exceptions;2.3.7))
Sending msg to client activator-e76662f5-a2fa-4a38-9c1b-2763b09d84fe: DetachedLogEvent(LogMessage(debug,	found com.typesafe.play#play-exceptions;2.3.7 in sbt-chain))
Sending msg to client activator-e76662f5-a2fa-4a38-9c1b-2763b09d84fe: DetachedLogEvent(LogMessage(debug,== resolving dependencies com.typesafe.play#build-link;2.3.7->com.typesafe.play#play-exceptions;2.3.7 [compile->compile(*)]))
Sending msg to client activator-e76662f5-a2fa-4a38-9c1b-2763b09d84fe: DetachedLogEvent(LogMessage(debug,== resolving dependencies com.typesafe.play#build-link;2.3.7->com.typesafe.play#play-exceptions;2.3.7 [compile->runtime(*)]))
Sending msg to client activator-e76662f5-a2fa-4a38-9c1b-2763b09d84fe: DetachedLogEvent(LogMessage(debug,== resolving dependencies com.typesafe.play#build-link;2.3.7->com.typesafe.play#play-exceptions;2.3.7 [compile->compile]))
Sending msg to client activator-e76662f5-a2fa-4a38-9c1b-2763b09d84fe: DetachedLogEvent(LogMessage(debug,== resolving dependencies com.typesafe.play#build-link;2.3.7->com.typesafe.play#play-exceptions;2.3.7 [compile->default(compile)]))
Sending msg to client activator-e76662f5-a2fa-4a38-9c1b-2763b09d84fe: DetachedLogEvent(LogMessage(debug,== resolving dependencies com.typesafe.play#build-link;2.3.7->com.typesafe.play#play-exceptions;2.3.7 [compile->runtime]))
Sending msg to client activator-e76662f5-a2fa-4a38-9c1b-2763b09d84fe: DetachedLogEvent(LogMessage(debug,== resolving dependencies com.typesafe.play#build-link;2.3.7->com.typesafe.play#play-exceptions;2.3.7 [compile->compile]))
Sending msg to client activator-e76662f5-a2fa-4a38-9c1b-2763b09d84fe: DetachedLogEvent(LogMessage(debug,== resolving dependencies com.typesafe.play#build-link;2.3.7->com.typesafe.play#play-exceptions;2.3.7 [compile->master]))
Sending msg to client activator-e76662f5-a2fa-4a38-9c1b-2763b09d84fe: DetachedLogEvent(LogMessage(debug,== resolving dependencies com.typesafe.play#build-link;2.3.7->org.javassist#javassist;3.18.2-GA [compile->master(compile)]))
Sending msg to client activator-e76662f5-a2fa-4a38-9c1b-2763b09d84fe: DetachedLogEvent(LogMessage(info,Resolving org.javassist#javassist;3.18.2-GA ...))
Sending msg to client activator-e76662f5-a2fa-4a38-9c1b-2763b09d84fe: DetachedLogEvent(LogMessage(debug,sbt-chain: Checking cache for: dependency: org.javassist#javassist;3.18.2-GA {compile=[compile(*), master(compile)], runtime=[runtime(*)]}))
Sending msg to client activator-e76662f5-a2fa-4a38-9c1b-2763b09d84fe: DetachedLogEvent(LogMessage(debug,sbt-chain: module revision found in cache: org.javassist#javassist;3.18.2-GA))
Sending msg to client activator-e76662f5-a2fa-4a38-9c1b-2763b09d84fe: DetachedLogEvent(LogMessage(debug,	found org.javassist#javassist;3.18.2-GA in sbt-chain))
Sending msg to client activator-e76662f5-a2fa-4a38-9c1b-2763b09d84fe: DetachedLogEvent(LogMessage(debug,== resolving dependencies com.typesafe.play#build-link;2.3.7->org.javassist#javassist;3.18.2-GA [compile->compile(*)]))
Sending msg to client activator-e76662f5-a2fa-4a38-9c1b-2763b09d84fe: DetachedLogEvent(LogMessage(debug,== resolving dependencies com.typesafe.play#build-link;2.3.7->org.javassist#javassist;3.18.2-GA [compile->runtime(*)]))
Sending msg to client activator-e76662f5-a2fa-4a38-9c1b-2763b09d84fe: DetachedLogEvent(LogMessage(debug,== resolving dependencies com.typesafe.play#build-link;2.3.7->org.javassist#javassist;3.18.2-GA [compile->compile]))
Sending msg to client activator-e76662f5-a2fa-4a38-9c1b-2763b09d84fe: DetachedLogEvent(LogMessage(debug,== resolving dependencies com.typesafe.play#build-link;2.3.7->org.javassist#javassist;3.18.2-GA [compile->default(compile)]))
Sending msg to client activator-e76662f5-a2fa-4a38-9c1b-2763b09d84fe: DetachedLogEvent(LogMessage(debug,== resolving dependencies com.typesafe.play#build-link;2.3.7->org.javassist#javassist;3.18.2-GA [compile->runtime]))
Sending msg to client activator-e76662f5-a2fa-4a38-9c1b-2763b09d84fe: DetachedLogEvent(LogMessage(debug,== resolving dependencies com.typesafe.play#build-link;2.3.7->org.javassist#javassist;3.18.2-GA [compile->compile]))
Sending msg to client activator-e76662f5-a2fa-4a38-9c1b-2763b09d84fe: DetachedLogEvent(LogMessage(debug,== resolving dependencies com.typesafe.play#build-link;2.3.7->org.javassist#javassist;3.18.2-GA [compile->master]))
Sending msg to client activator-e76662f5-a2fa-4a38-9c1b-2763b09d84fe: DetachedLogEvent(LogMessage(debug,== resolving dependencies com.typesafe.play#build-link;2.3.7->com.typesafe.play#play-exceptions;2.3.7 [runtime->runtime(*)]))
Sending msg to client activator-e76662f5-a2fa-4a38-9c1b-2763b09d84fe: DetachedLogEvent(LogMessage(debug,== resolving dependencies com.typesafe.play#build-link;2.3.7->com.typesafe.play#play-exceptions;2.3.7 [runtime->compile]))
Sending msg to client activator-e76662f5-a2fa-4a38-9c1b-2763b09d84fe: DetachedLogEvent(LogMessage(debug,== resolving dependencies com.typesafe.play#build-link;2.3.7->org.javassist#javassist;3.18.2-GA [runtime->runtime(*)]))
Sending msg to client activator-e76662f5-a2fa-4a38-9c1b-2763b09d84fe: DetachedLogEvent(LogMessage(debug,== resolving dependencies com.typesafe.play#build-link;2.3.7->org.javassist#javassist;3.18.2-GA [runtime->compile]))
Sending msg to client activator-e76662f5-a2fa-4a38-9c1b-2763b09d84fe: DetachedLogEvent(LogMessage(debug,== resolving dependencies com.typesafe.play#sbt-plugin;2.3.7->com.typesafe.play#build-link;2.3.7 [compile->master]))
Sending msg to client activator-e76662f5-a2fa-4a38-9c1b-2763b09d84fe: DetachedLogEvent(LogMessage(debug,== resolving dependencies com.typesafe.play#sbt-plugin;2.3.7->com.typesafe.play#play-exceptions;2.3.7 [compile->default(compile)]))
Sending msg to client activator-e76662f5-a2fa-4a38-9c1b-2763b09d84fe: DetachedLogEvent(LogMessage(debug,== resolving dependencies com.typesafe.play#sbt-plugin;2.3.7->com.typesafe.play#play-exceptions;2.3.7 [compile->runtime]))
Sending msg to client activator-e76662f5-a2fa-4a38-9c1b-2763b09d84fe: DetachedLogEvent(LogMessage(debug,== resolving dependencies com.typesafe.play#sbt-plugin;2.3.7->com.typesafe.play#play-exceptions;2.3.7 [compile->compile]))
Sending msg to client activator-e76662f5-a2fa-4a38-9c1b-2763b09d84fe: DetachedLogEvent(LogMessage(debug,== resolving dependencies com.typesafe.play#sbt-plugin;2.3.7->com.typesafe.play#play-exceptions;2.3.7 [compile->master]))
Sending msg to client activator-e76662f5-a2fa-4a38-9c1b-2763b09d84fe: DetachedLogEvent(LogMessage(debug,== resolving dependencies com.typesafe.play#sbt-plugin;2.3.7->com.typesafe.play#routes-compiler_2.10;2.3.7 [compile->default(compile)]))
Sending msg to client activator-e76662f5-a2fa-4a38-9c1b-2763b09d84fe: DetachedLogEvent(LogMessage(info,Resolving com.typesafe.play#routes-compiler_2.10;2.3.7 ...))
Sending msg to client activator-e76662f5-a2fa-4a38-9c1b-2763b09d84fe: DetachedLogEvent(LogMessage(debug,sbt-chain: Checking cache for: dependency: com.typesafe.play#routes-compiler_2.10;2.3.7 {compile=[default(compile)]}))
Sending msg to client activator-e76662f5-a2fa-4a38-9c1b-2763b09d84fe: DetachedLogEvent(LogMessage(debug,sbt-chain: module revision found in cache: com.typesafe.play#routes-compiler_2.10;2.3.7))
Sending msg to client activator-e76662f5-a2fa-4a38-9c1b-2763b09d84fe: DetachedLogEvent(LogMessage(debug,	found com.typesafe.play#routes-compiler_2.10;2.3.7 in sbt-chain))
Sending msg to client activator-e76662f5-a2fa-4a38-9c1b-2763b09d84fe: DetachedLogEvent(LogMessage(debug,== resolving dependencies com.typesafe.play#sbt-plugin;2.3.7->com.typesafe.play#routes-compiler_2.10;2.3.7 [compile->runtime]))
Sending msg to client activator-e76662f5-a2fa-4a38-9c1b-2763b09d84fe: DetachedLogEvent(LogMessage(debug,== resolving dependencies com.typesafe.play#sbt-plugin;2.3.7->com.typesafe.play#routes-compiler_2.10;2.3.7 [compile->compile]))
Sending msg to client activator-e76662f5-a2fa-4a38-9c1b-2763b09d84fe: DetachedLogEvent(LogMessage(debug,== resolving dependencies com.typesafe.play#routes-compiler_2.10;2.3.7->org.scala-lang#scala-library;2.10.4 [compile->master(compile)]))
Sending msg to client activator-e76662f5-a2fa-4a38-9c1b-2763b09d84fe: DetachedLogEvent(LogMessage(info,Resolving org.scala-lang#scala-library;2.10.4 ...))
Sending msg to client activator-e76662f5-a2fa-4a38-9c1b-2763b09d84fe: DetachedLogEvent(LogMessage(debug,sbt-chain: Checking cache for: dependency: org.scala-lang#scala-library;2.10.4 {compile=[compile(*), master(compile)], runtime=[runtime(*)]}))
Sending msg to client activator-e76662f5-a2fa-4a38-9c1b-2763b09d84fe: DetachedLogEvent(LogMessage(debug,sbt-chain: module revision found in cache: org.scala-lang#scala-library;2.10.4))
Sending msg to client activator-e76662f5-a2fa-4a38-9c1b-2763b09d84fe: DetachedLogEvent(LogMessage(debug,	found org.scala-lang#scala-library;2.10.4 in sbt-chain))
Sending msg to client activator-e76662f5-a2fa-4a38-9c1b-2763b09d84fe: DetachedLogEvent(LogMessage(debug,	[2.10.4] org.scala-lang#scala-library;2.10.4))
Sending msg to client activator-e76662f5-a2fa-4a38-9c1b-2763b09d84fe: DetachedLogEvent(LogMessage(debug,== resolving dependencies com.typesafe.play#routes-compiler_2.10;2.3.7->org.scala-lang#scala-library;2.10.4 [compile->compile(*)]))
Sending msg to client activator-e76662f5-a2fa-4a38-9c1b-2763b09d84fe: DetachedLogEvent(LogMessage(debug,== resolving dependencies com.typesafe.play#routes-compiler_2.10;2.3.7->org.scala-lang#scala-library;2.10.4 [compile->runtime(*)]))
Sending msg to client activator-e76662f5-a2fa-4a38-9c1b-2763b09d84fe: DetachedLogEvent(LogMessage(debug,== resolving dependencies com.typesafe.play#routes-compiler_2.10;2.3.7->org.scala-lang#scala-library;2.10.4 [compile->compile]))
Sending msg to client activator-e76662f5-a2fa-4a38-9c1b-2763b09d84fe: DetachedLogEvent(LogMessage(debug,== resolving dependencies com.typesafe.play#routes-compiler_2.10;2.3.7->commons-io#commons-io;2.0.1 [compile->master(compile)]))
Sending msg to client activator-e76662f5-a2fa-4a38-9c1b-2763b09d84fe: DetachedLogEvent(LogMessage(info,Resolving commons-io#commons-io;2.0.1 ...))
Sending msg to client activator-e76662f5-a2fa-4a38-9c1b-2763b09d84fe: DetachedLogEvent(LogMessage(debug,sbt-chain: Checking cache for: dependency: commons-io#commons-io;2.0.1 {compile=[compile(*), master(compile)], runtime=[runtime(*)]}))
Sending msg to client activator-e76662f5-a2fa-4a38-9c1b-2763b09d84fe: DetachedLogEvent(LogMessage(debug,sbt-chain: module revision found in cache: commons-io#commons-io;2.0.1))
Sending msg to client activator-e76662f5-a2fa-4a38-9c1b-2763b09d84fe: DetachedLogEvent(LogMessage(debug,	found commons-io#commons-io;2.0.1 in sbt-chain))
Sending msg to client activator-e76662f5-a2fa-4a38-9c1b-2763b09d84fe: DetachedLogEvent(LogMessage(debug,== resolving dependencies com.typesafe.play#routes-compiler_2.10;2.3.7->commons-io#commons-io;2.0.1 [compile->compile(*)]))
Sending msg to client activator-e76662f5-a2fa-4a38-9c1b-2763b09d84fe: DetachedLogEvent(LogMessage(debug,== resolving dependencies com.typesafe.play#routes-compiler_2.10;2.3.7->commons-io#commons-io;2.0.1 [compile->runtime(*)]))
Sending msg to client activator-e76662f5-a2fa-4a38-9c1b-2763b09d84fe: DetachedLogEvent(LogMessage(debug,== resolving dependencies com.typesafe.play#routes-compiler_2.10;2.3.7->commons-io#commons-io;2.0.1 [compile->compile]))
Sending msg to client activator-e76662f5-a2fa-4a38-9c1b-2763b09d84fe: DetachedLogEvent(LogMessage(debug,== resolving dependencies com.typesafe.play#routes-compiler_2.10;2.3.7->org.scala-lang#scala-library;2.10.4 [runtime->runtime(*)]))
Sending msg to client activator-e76662f5-a2fa-4a38-9c1b-2763b09d84fe: DetachedLogEvent(LogMessage(debug,== resolving dependencies com.typesafe.play#routes-compiler_2.10;2.3.7->org.scala-lang#scala-library;2.10.4 [runtime->compile]))
Sending msg to client activator-e76662f5-a2fa-4a38-9c1b-2763b09d84fe: DetachedLogEvent(LogMessage(debug,== resolving dependencies com.typesafe.play#routes-compiler_2.10;2.3.7->commons-io#commons-io;2.0.1 [runtime->runtime(*)]))
Sending msg to client activator-e76662f5-a2fa-4a38-9c1b-2763b09d84fe: DetachedLogEvent(LogMessage(debug,== resolving dependencies com.typesafe.play#routes-compiler_2.10;2.3.7->commons-io#commons-io;2.0.1 [runtime->compile]))
Sending msg to client activator-e76662f5-a2fa-4a38-9c1b-2763b09d84fe: DetachedLogEvent(LogMessage(debug,== resolving dependencies com.typesafe.play#sbt-plugin;2.3.7->com.typesafe.play#routes-compiler_2.10;2.3.7 [compile->master]))
Sending msg to client activator-e76662f5-a2fa-4a38-9c1b-2763b09d84fe: DetachedLogEvent(LogMessage(debug,== resolving dependencies com.typesafe.play#sbt-plugin;2.3.7->com.typesafe.play#sbt-run-support_2.10;2.3.7 [compile->default(compile)]))
Sending msg to client activator-e76662f5-a2fa-4a38-9c1b-2763b09d84fe: DetachedLogEvent(LogMessage(info,Resolving com.typesafe.play#sbt-run-support_2.10;2.3.7 ...))
Sending msg to client activator-e76662f5-a2fa-4a38-9c1b-2763b09d84fe: DetachedLogEvent(LogMessage(debug,sbt-chain: Checking cache for: dependency: com.typesafe.play#sbt-run-support_2.10;2.3.7 {compile=[default(compile)]}))
Sending msg to client activator-e76662f5-a2fa-4a38-9c1b-2763b09d84fe: DetachedLogEvent(LogMessage(debug,sbt-chain: module revision found in cache: com.typesafe.play#sbt-run-support_2.10;2.3.7))
Sending msg to client activator-e76662f5-a2fa-4a38-9c1b-2763b09d84fe: DetachedLogEvent(LogMessage(debug,	found com.typesafe.play#sbt-run-support_2.10;2.3.7 in sbt-chain))
Sending msg to client activator-e76662f5-a2fa-4a38-9c1b-2763b09d84fe: DetachedLogEvent(LogMessage(debug,== resolving dependencies com.typesafe.play#sbt-plugin;2.3.7->com.typesafe.play#sbt-run-support_2.10;2.3.7 [compile->runtime]))
Sending msg to client activator-e76662f5-a2fa-4a38-9c1b-2763b09d84fe: DetachedLogEvent(LogMessage(debug,== resolving dependencies com.typesafe.play#sbt-plugin;2.3.7->com.typesafe.play#sbt-run-support_2.10;2.3.7 [compile->compile]))
Sending msg to client activator-e76662f5-a2fa-4a38-9c1b-2763b09d84fe: DetachedLogEvent(LogMessage(debug,== resolving dependencies com.typesafe.play#sbt-run-support_2.10;2.3.7->org.scala-lang#scala-library;2.10.4 [compile->master(compile)]))
Sending msg to client activator-e76662f5-a2fa-4a38-9c1b-2763b09d84fe: DetachedLogEvent(LogMessage(debug,== resolving dependencies com.typesafe.play#sbt-run-support_2.10;2.3.7->org.scala-lang#scala-library;2.10.4 [compile->compile(*)]))
Sending msg to client activator-e76662f5-a2fa-4a38-9c1b-2763b09d84fe: DetachedLogEvent(LogMessage(debug,== resolving dependencies com.typesafe.play#sbt-run-support_2.10;2.3.7->org.scala-sbt#io;0.13.5 [compile->master(compile)]))
Sending msg to client activator-e76662f5-a2fa-4a38-9c1b-2763b09d84fe: DetachedLogEvent(LogMessage(info,Resolving org.scala-sbt#io;0.13.5 ...))
Sending msg to client activator-e76662f5-a2fa-4a38-9c1b-2763b09d84fe: DetachedLogEvent(LogMessage(debug,sbt-chain: Checking cache for: dependency: org.scala-sbt#io;0.13.5 {compile=[compile(*), master(compile)], runtime=[runtime(*)]}))
Sending msg to client activator-e76662f5-a2fa-4a38-9c1b-2763b09d84fe: DetachedLogEvent(LogMessage(debug,sbt-chain: module revision found in cache: org.scala-sbt#io;0.13.5))
Sending msg to client activator-e76662f5-a2fa-4a38-9c1b-2763b09d84fe: DetachedLogEvent(LogMessage(debug,	found org.scala-sbt#io;0.13.5 in sbt-chain))
Sending msg to client activator-e76662f5-a2fa-4a38-9c1b-2763b09d84fe: DetachedLogEvent(LogMessage(debug,== resolving dependencies org.scala-sbt#io;0.13.5->org.scala-lang#scala-library;2.10.4 [compile->default(compile)]))
Sending msg to client activator-e76662f5-a2fa-4a38-9c1b-2763b09d84fe: DetachedLogEvent(LogMessage(debug,== resolving dependencies org.scala-sbt#io;0.13.5->org.scala-lang#scala-library;2.10.4 [compile->runtime]))
Sending msg to client activator-e76662f5-a2fa-4a38-9c1b-2763b09d84fe: DetachedLogEvent(LogMessage(debug,== resolving dependencies org.scala-sbt#io;0.13.5->org.scala-lang#scala-library;2.10.4 [compile->compile]))
Sending msg to client activator-e76662f5-a2fa-4a38-9c1b-2763b09d84fe: DetachedLogEvent(LogMessage(debug,== resolving dependencies org.scala-sbt#io;0.13.5->org.scala-lang#scala-library;2.10.4 [compile->master]))
Sending msg to client activator-e76662f5-a2fa-4a38-9c1b-2763b09d84fe: DetachedLogEvent(LogMessage(debug,== resolving dependencies org.scala-sbt#io;0.13.5->org.scala-sbt#control;0.13.5 [compile->default(compile)]))
Sending msg to client activator-e76662f5-a2fa-4a38-9c1b-2763b09d84fe: DetachedLogEvent(LogMessage(info,Resolving org.scala-sbt#control;0.13.5 ...))
Sending msg to client activator-e76662f5-a2fa-4a38-9c1b-2763b09d84fe: DetachedLogEvent(LogMessage(debug,sbt-chain: Checking cache for: dependency: org.scala-sbt#control;0.13.5 {compile=[default(compile)]}))
Sending msg to client activator-e76662f5-a2fa-4a38-9c1b-2763b09d84fe: DetachedLogEvent(LogMessage(debug,sbt-chain: module revision found in cache: org.scala-sbt#control;0.13.5))
Sending msg to client activator-e76662f5-a2fa-4a38-9c1b-2763b09d84fe: DetachedLogEvent(LogMessage(debug,	found org.scala-sbt#control;0.13.5 in sbt-chain))
Sending msg to client activator-e76662f5-a2fa-4a38-9c1b-2763b09d84fe: DetachedLogEvent(LogMessage(debug,== resolving dependencies org.scala-sbt#control;0.13.5->org.scala-lang#scala-library;2.10.4 [compile->default(compile)]))
Sending msg to client activator-e76662f5-a2fa-4a38-9c1b-2763b09d84fe: DetachedLogEvent(LogMessage(debug,== resolving dependencies org.scala-sbt#control;0.13.5->org.scala-lang#scala-library;2.10.4 [compile->runtime]))
Sending msg to client activator-e76662f5-a2fa-4a38-9c1b-2763b09d84fe: DetachedLogEvent(LogMessage(debug,== resolving dependencies org.scala-sbt#control;0.13.5->org.scala-lang#scala-library;2.10.4 [compile->compile]))
Sending msg to client activator-e76662f5-a2fa-4a38-9c1b-2763b09d84fe: DetachedLogEvent(LogMessage(debug,== resolving dependencies org.scala-sbt#control;0.13.5->org.scala-lang#scala-library;2.10.4 [compile->master]))
Sending msg to client activator-e76662f5-a2fa-4a38-9c1b-2763b09d84fe: DetachedLogEvent(LogMessage(debug,== resolving dependencies com.typesafe.play#sbt-run-support_2.10;2.3.7->org.scala-sbt#io;0.13.5 [compile->compile(*)]))
Sending msg to client activator-e76662f5-a2fa-4a38-9c1b-2763b09d84fe: DetachedLogEvent(LogMessage(debug,== resolving dependencies com.typesafe.play#sbt-run-support_2.10;2.3.7->org.scala-sbt#io;0.13.5 [compile->runtime(*)]))
Sending msg to client activator-e76662f5-a2fa-4a38-9c1b-2763b09d84fe: DetachedLogEvent(LogMessage(debug,== resolving dependencies com.typesafe.play#sbt-run-support_2.10;2.3.7->org.scala-sbt#io;0.13.5 [compile->compile]))
Sending msg to client activator-e76662f5-a2fa-4a38-9c1b-2763b09d84fe: DetachedLogEvent(LogMessage(debug,== resolving dependencies com.typesafe.play#sbt-run-support_2.10;2.3.7->org.scala-lang#scala-library;2.10.4 [runtime->runtime(*)]))
Sending msg to client activator-e76662f5-a2fa-4a38-9c1b-2763b09d84fe: DetachedLogEvent(LogMessage(debug,== resolving dependencies com.typesafe.play#sbt-run-support_2.10;2.3.7->org.scala-lang#scala-library;2.10.4 [runtime->compile]))
Sending msg to client activator-e76662f5-a2fa-4a38-9c1b-2763b09d84fe: DetachedLogEvent(LogMessage(debug,== resolving dependencies com.typesafe.play#sbt-run-support_2.10;2.3.7->org.scala-sbt#io;0.13.5 [runtime->runtime(*)]))
Sending msg to client activator-e76662f5-a2fa-4a38-9c1b-2763b09d84fe: DetachedLogEvent(LogMessage(debug,== resolving dependencies com.typesafe.play#sbt-run-support_2.10;2.3.7->org.scala-sbt#io;0.13.5 [runtime->compile]))
Sending msg to client activator-e76662f5-a2fa-4a38-9c1b-2763b09d84fe: DetachedLogEvent(LogMessage(debug,== resolving dependencies com.typesafe.play#sbt-plugin;2.3.7->com.typesafe.play#sbt-run-support_2.10;2.3.7 [compile->master]))
Got request: UnlistenToEvents()
Reading next message from client.
Sending msg to client activator-e76662f5-a2fa-4a38-9c1b-2763b09d84fe: DetachedLogEvent(LogMessage(debug,== resolving dependencies com.typesafe.play#sbt-plugin;2.3.7->com.typesafe#config;1.2.1 [compile->default(compile)]))
Sending msg to client activator-e76662f5-a2fa-4a38-9c1b-2763b09d84fe: (8,ReceivedResponse())
Got request: UnlistenToBuildChange()
Reading next message from client.
Client activator-e76662f5-a2fa-4a38-9c1b-2763b09d84fe EOF, shutting down.
Stopping client.
Dropping message (0,ReceivedResponse()) to dead client activator-e76662f5-a2fa-4a38-9c1b-2763b09d84fe
Client activator-e76662f5-a2fa-4a38-9c1b-2763b09d84fe thread exiting.
