New log file opened at Mon Oct 12 22:35:03 CEST 2015 by 7564@Erwan-HP
Taking next connection to: 64883
New client attempting to connect on port: 64884-64883
  Address = /192.168.0.12:64883
This client on port 64884 has uuid e76662f5-a2fa-4a38-9c1b-2763b09d84fe configName activator humanReadableName Activator protocolVersion 3 featureTags Vector()
Connected Clients: activator-e76662f5-a2fa-4a38-9c1b-2763b09d84fe
Taking next connection to: 64883
New client attempting to connect on port: 64885-64883
  Address = /192.168.0.12:64883
Handshake exception on socket: 64885
sbt.impl.ipc.HandshakeException: Unable to perform handshake
	at sbt.impl.ipc.Peer.handshake(IPC.scala:46)
	at sbt.impl.ipc.MultiClientServer.<init>(IPC.scala:150)
	at sbt.server.SbtServerSocketHandler$$anon$1.run(SbtServerSocketHandler.scala:43)
Caused by: java.net.SocketException: Software caused connection abort: recv failed
	at java.net.SocketInputStream.socketRead0(Native Method)
	at java.net.SocketInputStream.socketRead(Unknown Source)
	at java.net.SocketInputStream.read(Unknown Source)
	at java.net.SocketInputStream.read(Unknown Source)
	at java.io.BufferedInputStream.fill(Unknown Source)
	at java.io.BufferedInputStream.read(Unknown Source)
	at java.io.DataInputStream.readInt(Unknown Source)
	at sbt.impl.ipc.Peer.receive(IPC.scala:95)
	at sbt.impl.ipc.Peer.handshake(IPC.scala:49)
	... 2 more
Taking next connection to: 64883
New client attempting to connect on port: 64886-64883
  Address = /192.168.0.12:64883
This client on port 64886 has uuid e64bfd0d-0f58-4651-841c-108fff2685fd configName activator humanReadableName Activator protocolVersion 3 featureTags Vector()
Connected Clients: activator-e76662f5-a2fa-4a38-9c1b-2763b09d84fe, activator-e64bfd0d-0f58-4651-841c-108fff2685fd
Taking next connection to: 64883
Checking to see if clients are empty...
No non-daemon clients connected after 3 min. Shutting down.
Server socket thread exiting.
0 clients open, will close them...
All client sockets have been closed.
Closing the 7564@Erwan-HP logs at Mon Oct 12 22:38:04 CEST 2015, goodbye.
